7.75 54.77 30.95 4.60 9.37 
8.00 53.99 35.56 6.33 10.96 
7.75 54.77 31.71 4.60 9.37 
8.00 53.99 36.32 6.33 10.96 
7.75 54.77 32.47 4.60 9.37 
8.00 53.99 37.07 6.33 10.96 
17.75 84.36 86.00 -2.32 0.00 
18.00 86.96 83.68 -2.67 0.00 
17.75 84.36 85.64 -2.32 0.00 
18.00 86.96 83.31 -2.67 0.00 
18.00 86.96 82.32 -2.67 0.00 
18.25 86.96 79.65 -2.78 0.00 
18.00 86.96 81.95 -2.67 0.00 
18.25 86.96 79.28 -2.78 0.00 
21.75 72.18 49.55 -3.39 0.00 
22.00 72.42 46.16 -3.42 0.00 
21.75 72.18 48.81 -3.39 0.00 
22.00 72.42 45.42 -3.42 0.00 
22.00 72.42 48.81 -3.42 0.00 
22.25 72.42 45.39 -3.48 0.00 
22.00 72.42 48.81 -3.42 0.00 
22.25 72.42 45.39 -3.48 0.00 
22.00 72.42 48.81 -3.42 0.00 
22.25 72.42 45.39 -3.48 0.00 
22.00 72.42 48.81 -3.42 0.00 
22.25 72.42 45.39 -3.48 0.00 
22.00 72.42 48.81 -3.42 0.00 
22.25 72.42 45.39 -3.48 0.00 
22.00 72.42 48.44 -3.42 0.00 
22.25 72.42 45.02 -3.48 0.00 
22.00 72.42 48.44 -3.42 0.00 
22.25 72.42 45.02 -3.48 0.00 
22.00 72.42 48.44 -3.42 0.00 
22.25 72.42 45.02 -3.48 0.00 
22.00 72.42 48.07 -3.42 0.00 
22.25 72.42 44.65 -3.48 0.00 
22.00 72.42 48.07 -3.42 0.00 
22.25 72.42 44.65 -3.48 0.00 
22.00 72.42 48.07 -3.42 0.00 
22.25 72.42 44.65 -3.48 0.00 
22.00 72.42 47.70 -3.42 0.00 
22.25 72.42 44.28 -3.48 0.00 
22.00 72.42 47.70 -3.42 0.00 
22.25 72.42 44.28 -3.48 0.00 
22.25 72.42 47.33 -3.48 0.00 
22.50 72.42 43.85 -3.51 0.00 
22.25 72.42 47.13 -3.48 0.00 
22.50 72.42 43.65 -3.51 0.00 
