12.00 64.63 49.55 8.49 11.66 
12.25 64.63 58.04 9.89 13.06 
12.00 64.63 50.29 8.49 11.66 
12.25 64.63 58.78 9.89 13.06 
12.00 64.63 50.66 8.49 11.66 
12.25 64.63 59.15 9.89 13.06 
12.25 64.63 54.00 9.89 13.06 
12.50 64.63 63.90 10.91 14.05 
12.25 64.63 54.37 9.89 13.06 
12.50 64.63 64.27 10.91 14.05 
12.25 64.63 55.11 9.89 13.06 
12.50 64.63 65.01 10.91 14.05 
12.75 64.63 56.76 9.94 13.05 
13.00 67.11 66.70 10.32 13.38 
12.75 64.63 56.76 9.94 13.05 
13.00 67.11 66.70 10.32 13.38 
13.00 67.11 56.39 10.32 13.38 
13.25 67.11 66.71 9.84 12.87 
13.00 67.11 57.13 10.32 13.38 
13.25 67.11 67.45 9.84 12.87 
13.00 67.11 57.13 10.32 13.38 
13.25 67.11 67.45 9.84 12.87 
