13.00 62.50 73.36 11.81 21.78 
13.25 62.50 85.18 11.81 22.43 
13.25 62.50 81.62 11.81 22.43 
13.50 62.50 93.43 6.57 18.10 
13.50 62.50 85.37 11.81 20.19 
13.75 62.50 97.18 2.82 15.15 
13.75 62.50 87.62 11.81 15.15 
14.00 69.86 99.43 0.57 14.90 
13.75 62.50 89.49 10.51 15.15 
14.00 69.86 100.00 0.00 14.90 
14.00 69.86 92.49 7.51 14.90 
14.25 69.86 100.00 0.00 14.66 
14.50 69.86 94.74 5.26 12.77 
14.75 69.86 100.00 0.00 12.45 
18.50 99.13 75.89 -3.41 0.00 
18.75 99.13 72.48 -3.44 0.00 
18.50 99.13 75.89 -3.41 0.00 
18.75 99.13 72.48 -3.44 0.00 
18.50 99.13 75.14 -3.41 0.00 
18.75 99.13 71.73 -3.44 0.00 
18.50 99.13 73.66 -3.41 0.00 
18.75 99.13 70.25 -3.44 0.00 
19.00 80.52 70.32 -3.47 0.00 
19.25 80.52 66.86 -3.49 0.00 
19.00 80.52 69.95 -3.47 0.00 
19.25 80.52 66.48 -3.49 0.00 
19.00 80.52 68.10 -3.47 0.00 
19.25 80.52 64.63 -3.49 0.00 
19.25 80.52 65.87 -3.49 0.00 
19.50 80.52 62.38 -3.49 0.00 
19.25 80.52 65.50 -3.49 0.00 
19.50 80.52 62.01 -3.49 0.00 
19.25 80.52 65.13 -3.49 0.00 
19.50 80.52 61.63 -3.49 0.00 
19.25 80.52 65.13 -3.47 0.00 
19.50 80.52 61.66 -3.49 0.00 
19.25 80.52 64.76 -3.47 0.00 
19.50 80.52 61.29 -3.49 0.00 
19.50 80.52 64.02 -3.49 0.00 
19.75 80.52 60.52 -3.49 0.00 
19.50 80.52 62.90 -3.49 0.00 
19.75 80.52 59.41 -3.49 0.00 
19.50 80.52 62.53 -3.49 0.00 
19.75 80.52 59.04 -3.49 0.00 
19.50 80.52 62.16 -3.49 0.00 
19.75 80.52 58.67 -3.49 0.00 
19.75 80.52 60.31 -3.49 0.00 
20.00 71.39 56.81 -3.49 0.00 
19.75 80.52 60.31 -3.49 0.00 
20.00 71.39 56.81 -3.49 0.00 
19.75 80.52 59.94 -3.49 0.00 
20.00 71.39 56.44 -3.49 0.00 
19.75 80.52 59.19 -3.49 0.00 
20.00 71.39 55.70 -3.49 0.00 
20.00 71.39 56.23 -3.49 0.00 
20.25 71.39 52.73 -3.52 0.00 
20.00 71.39 55.86 -3.49 0.00 
20.25 71.39 52.36 -3.52 0.00 
20.25 71.39 54.00 -3.52 0.00 
20.50 71.39 50.48 -3.52 0.00 
20.25 71.39 52.89 -3.52 0.00 
20.50 71.39 49.37 -3.52 0.00 
20.50 71.39 52.15 -3.52 0.00 
20.75 71.39 48.62 -3.52 0.00 
20.50 71.39 51.78 -3.52 0.00 
20.75 71.39 48.25 -3.52 0.00 
20.50 71.39 51.22 -3.52 0.00 
20.75 71.39 47.70 -3.52 0.00 
20.50 71.39 50.85 -3.52 0.00 
20.75 71.39 47.33 -3.52 0.00 
20.50 71.39 50.48 -3.52 0.00 
20.75 71.39 46.96 -3.52 0.00 
20.75 71.39 47.87 -3.52 0.00 
21.00 67.49 44.35 -3.27 0.00 
21.00 67.49 47.50 -3.27 0.00 
21.25 67.49 44.23 -3.27 0.00 
21.25 67.49 47.50 -3.27 0.00 
21.50 67.49 44.23 -3.27 0.00 
21.25 67.49 47.50 -3.27 0.00 
21.50 67.49 44.23 -3.27 0.00 
21.25 67.49 47.50 -3.27 0.00 
21.50 67.49 44.23 -3.27 0.00 
21.50 67.49 47.13 -3.27 0.00 
21.75 67.49 43.86 -3.27 0.00 
21.50 67.49 47.13 -3.27 0.00 
21.75 67.49 43.86 -3.27 0.00 
22.00 63.93 47.13 -3.27 0.00 
22.25 63.93 43.86 -3.27 0.00 
