1696672800
13.84
99
1.29
1696676400
14.13
99
1.54
1696680000
15.02
99
1.49
1696683600
17.18
91
0.76
1696687200
18.41
92
0.47
1696690800
18.99
87
0.21
1696694400
17.89
89
0.19
1696698000
16.34
78
0
1696701600
15.58
70
0
1696705200
15.28
44
0
1696708800
15.46
67
0
1696712400
15.17
76
0
1696716000
14.71
64
0
1696719600
14.55
58
0
1696723200
14.54
62
0
1696726800
14.43
95
0
1696730400
13.93
97
0
1696734000
13.87
98
0
1696737600
14.37
99
0
1696741200
14.02
99
0
1696744800
13.85
99
0
1696748400
15.14
100
0.06
1696752000
16.73
100
0.19
1696755600
17.77
100
0.36
1696759200
17.94
100
0.4
1696762800
16.32
100
0.47
1696766400
15.21
100
0.46
1696770000
14.8
99
1.69
1696773600
14.77
99
1.05
1696777200
15.54
98
0.47
1696780800
14.34
98
0.16
1696784400
12.96
98
0
1696788000
11.42
96
0
1696791600
11.16
100
0
1696795200
11.22
99
0
1696798800
10.65
99
0
1696802400
11.2
99
0
1696806000
11.39
99
0
1696809600
11.45
99
0
1696813200
11.19
100
0
1696816800
10.98
100
0
1696820400
10.56
100
0
1696824000
10.55
100
0
1696827600
10.89
100
0
1696831200
11.66
100
0
1696834800
13.47
100
0.12
1696838400
15.3
100
0.36
1696842000
15.95
100
0.69
